<?xml version="1.0" encoding="UTF-8"?>
<testng-results ignored="0" total="5" passed="5" failed="0" skipped="0">
  <reporter-output>
  </reporter-output>
  <suite started-at="2021-05-10T14:55:16 IST" name="Suite" finished-at="2021-05-10T14:55:51 IST" duration-ms="34818">
    <groups>
    </groups>
    <test started-at="2021-05-10T14:55:16 IST" name="EccommerceTest" finished-at="2021-05-10T14:55:51 IST" duration-ms="34818">
      <class name="com.ecommerce.testcases.TC_001">
        <test-method is-config="true" signature="setUp(java.lang.String)[pri:0, instance:com.ecommerce.testcases.TC_001@68b32e3e]" started-at="2021-05-10T14:55:16 IST" name="setUp" finished-at="2021-05-10T14:55:28 IST" duration-ms="11717" status="PASS">
          <params>
            <param index="0">
              <value>
                <![CDATA[chrome]]>
              </value>
            </param>
          </params>
          <reporter-output>
          </reporter-output>
        </test-method> <!-- setUp -->
        <test-method signature="homePage()[pri:1, instance:com.ecommerce.testcases.TC_001@68b32e3e]" started-at="2021-05-10T14:55:28 IST" name="homePage" finished-at="2021-05-10T14:55:32 IST" duration-ms="4196" status="PASS">
          <reporter-output>
          </reporter-output>
        </test-method> <!-- homePage -->
        <test-method signature="createEmail()[pri:2, instance:com.ecommerce.testcases.TC_001@68b32e3e]" started-at="2021-05-10T14:55:32 IST" name="createEmail" finished-at="2021-05-10T14:55:33 IST" duration-ms="544" status="PASS">
          <reporter-output>
          </reporter-output>
        </test-method> <!-- createEmail -->
        <test-method signature="enterDetails()[pri:3, instance:com.ecommerce.testcases.TC_001@68b32e3e]" started-at="2021-05-10T14:55:33 IST" name="enterDetails" finished-at="2021-05-10T14:55:41 IST" duration-ms="8169" status="PASS">
          <reporter-output>
          </reporter-output>
        </test-method> <!-- enterDetails -->
        <test-method signature="signOutTest()[pri:4, instance:com.ecommerce.testcases.TC_001@68b32e3e]" started-at="2021-05-10T14:55:41 IST" name="signOutTest" finished-at="2021-05-10T14:55:46 IST" duration-ms="4774" status="PASS">
          <reporter-output>
          </reporter-output>
        </test-method> <!-- signOutTest -->
        <test-method signature="logInTest()[pri:5, instance:com.ecommerce.testcases.TC_001@68b32e3e]" started-at="2021-05-10T14:55:46 IST" name="logInTest" finished-at="2021-05-10T14:55:50 IST" duration-ms="4582" status="PASS">
          <reporter-output>
          </reporter-output>
        </test-method> <!-- logInTest -->
        <test-method is-config="true" signature="tearDown()[pri:0, instance:com.ecommerce.testcases.TC_001@68b32e3e]" started-at="2021-05-10T14:55:50 IST" name="tearDown" finished-at="2021-05-10T14:55:51 IST" duration-ms="780" status="PASS">
          <reporter-output>
          </reporter-output>
        </test-method> <!-- tearDown -->
      </class> <!-- com.ecommerce.testcases.TC_001 -->
    </test> <!-- EccommerceTest -->
  </suite> <!-- Suite -->
</testng-results>
