<?xml version="1.0" encoding="UTF-8"?>
<!-- Generated by org.testng.reporters.JUnitXMLReporter -->
<testsuite ignored="0" hostname="Sandy" failures="0" tests="5" name="Default test" time="47.066" errors="0" timestamp="2021-05-02T17:16:45 IST">
  <testcase classname="com.ecommerce.testcases.TC_001" name="homePage" time="4.143"/>
  <testcase classname="com.ecommerce.testcases.TC_001" name="createEmail" time="1.358"/>
  <testcase classname="com.ecommerce.testcases.TC_001" name="enterDetails" time="8.972"/>
  <testcase classname="com.ecommerce.testcases.TC_001" name="signOutTest" time="3.039"/>
  <testcase classname="com.ecommerce.testcases.TC_001" name="logInTest" time="2.388"/>
</testsuite> <!-- Default test -->
