<?xml version="1.0" encoding="UTF-8"?>
<!-- Generated by org.testng.reporters.JUnitXMLReporter -->
<testsuite ignored="0" hostname="Sandy" failures="0" tests="5" name="EccommerceTest" time="34.818" errors="0" timestamp="2021-05-10T14:55:51 IST">
  <testcase classname="com.ecommerce.testcases.TC_001" name="homePage" time="4.196"/>
  <testcase classname="com.ecommerce.testcases.TC_001" name="createEmail" time="0.544"/>
  <testcase classname="com.ecommerce.testcases.TC_001" name="enterDetails" time="8.169"/>
  <testcase classname="com.ecommerce.testcases.TC_001" name="signOutTest" time="4.774"/>
  <testcase classname="com.ecommerce.testcases.TC_001" name="logInTest" time="4.582"/>
</testsuite> <!-- EccommerceTest -->
